<?xml version="1.0" encoding="UTF-8"?>
<!-- Generated by org.testng.reporters.JUnitReportReporter -->
<testsuite hostname="LTIN490400" failures="0" tests="11" name="TestSuites.TestCases" time="5.942" errors="0" timestamp="2024-05-10T06:14:16 IST" skipped="0">
  <testcase classname="TestSuites.TestCases" name="Login" time="2.308"/>
  <testcase classname="TestSuites.TestCases" name="Filtration" time="0.194"/>
  <testcase classname="TestSuites.TestCases" name="FetchDetails" time="0.220"/>
  <testcase classname="TestSuites.TestCases" name="AddItems" time="0.487"/>
  <testcase classname="TestSuites.TestCases" name="RemoveItem" time="0.436"/>
  <testcase classname="TestSuites.TestCases" name="EnterInvalidDetails" time="0.332"/>
  <testcase classname="TestSuites.TestCases" name="EnterDetails" time="0.536"/>
  <testcase classname="TestSuites.TestCases" name="FetchShippingDetails" time="0.049"/>
  <testcase classname="TestSuites.TestCases" name="Finish" time="0.694"/>
  <testcase classname="TestSuites.TestCases" name="Logout" time="0.441"/>
  <testcase classname="TestSuites.TestCases" name="InvalidLogin" time="0.245"/>
</testsuite> <!-- TestSuites.TestCases -->
